SharingAppWithContacts/app/build/intermediates/manifest_merge_blame_file/debug/manifest-merger-blame-debug-report.txt
1<?xml version="1.0" encoding="utf-8"?>
2<manifest xmlns:android="http://schemas.android.com/apk/res/android"
3    package="com.example.sharingapp"
4    android:versionCode="1"
5    android:versionName="1.0" >
6
7    <uses-sdk
8        android:minSdkVersion="19"
8-->src/main/AndroidManifest.xml
9        android:targetSdkVersion="29" />
9-->src/main/AndroidManifest.xml
10
11    <uses-permission android:name="android.permission.READ_EXTERNAL_STORAGE" />
11-->src/main/AndroidManifest.xml:5:5-79
11-->src/main/AndroidManifest.xml:5:22-77
12
13    <application
13-->src/main/AndroidManifest.xml:7:5-28:19
14        android:allowBackup="true"
14-->src/main/AndroidManifest.xml:8:9-35
15        android:appComponentFactory="androidx.core.app.CoreComponentFactory"
15-->[androidx.core:core:1.3.0] AndroidManifest.xml:24:18-86
16        android:debuggable="true"
17        android:icon="@mipmap/ic_launcher"
17-->src/main/AndroidManifest.xml:9:9-43
18        android:label="@string/app_name"
18-->src/main/AndroidManifest.xml:10:9-41
19        android:supportsRtl="true"
19-->src/main/AndroidManifest.xml:11:9-35
20        android:testOnly="true"
21        android:theme="@style/AppTheme" >
21-->src/main/AndroidManifest.xml:12:9-40
22        <activity
22-->src/main/AndroidManifest.xml:13:9-22:20
23            android:name="com.example.sharingapp.MainActivity"
23-->src/main/AndroidManifest.xml:14:13-41
24            android:label="@string/app_name"
24-->src/main/AndroidManifest.xml:15:13-45
25            android:theme="@style/AppTheme.NoActionBar" >
25-->src/main/AndroidManifest.xml:16:13-56
26            <intent-filter>
26-->src/main/AndroidManifest.xml:17:13-21:29
27                <action android:name="android.intent.action.MAIN" />
27-->src/main/AndroidManifest.xml:18:17-69
27-->src/main/AndroidManifest.xml:18:25-66
28
29                <category android:name="android.intent.category.LAUNCHER" />
29-->src/main/AndroidManifest.xml:20:17-77
29-->src/main/AndroidManifest.xml:20:27-74
30            </intent-filter>
31        </activity>
32        <activity android:name="com.example.sharingapp.AddItemActivity" />
32-->src/main/AndroidManifest.xml:23:9-53
32-->src/main/AndroidManifest.xml:23:19-50
33        <activity android:name="com.example.sharingapp.EditItemActivity" />
33-->src/main/AndroidManifest.xml:24:9-54
33-->src/main/AndroidManifest.xml:24:19-51
34        <activity android:name="com.example.sharingapp.ContactsActivity" />
34-->src/main/AndroidManifest.xml:25:9-54
34-->src/main/AndroidManifest.xml:25:19-51
35        <activity android:name="com.example.sharingapp.AddContactActivity" />
35-->src/main/AndroidManifest.xml:26:9-56
35-->src/main/AndroidManifest.xml:26:19-53
36        <activity android:name="com.example.sharingapp.EditContactActivity" />
36-->src/main/AndroidManifest.xml:27:9-66
36-->src/main/AndroidManifest.xml:27:19-54
37    </application>
38
39</manifest>